<?xml version="1.0" encoding="UTF-8"?>
<testng-results ignored="0" total="1" passed="1" failed="0" skipped="0">
  <reporter-output>
  </reporter-output>
  <suite started-at="2020-11-12T14:33:48Z" name="Suite" finished-at="2020-11-12T14:36:55Z" duration-ms="186947">
    <groups>
      <group name="cucumber">
        <method signature="TestRunner.feature(cucumber.api.testng.CucumberFeatureWrapper)[pri:0, instance:com.qa.vendorStatement.runner.TestRunner@71b1176b]" name="feature" class="com.qa.vendorStatement.runner.TestRunner"/>
      </group> <!-- cucumber -->
    </groups>
    <test started-at="2020-11-12T14:33:48Z" name="Test" finished-at="2020-11-12T14:36:55Z" duration-ms="186947">
      <class name="com.qa.vendorStatement.runner.TestRunner">
        <test-method is-config="true" signature="setUpClass()[pri:0, instance:com.qa.vendorStatement.runner.TestRunner@71b1176b]" started-at="2020-11-12T14:33:49Z" name="setUpClass" finished-at="2020-11-12T14:33:49Z" duration-ms="434" status="PASS">
          <reporter-output>
          </reporter-output>
        </test-method> <!-- setUpClass -->
        <test-method signature="feature(cucumber.api.testng.CucumberFeatureWrapper)[pri:0, instance:com.qa.vendorStatement.runner.TestRunner@71b1176b]" started-at="2020-11-12T14:33:49Z" name="feature" description="Runs Cucumber Feature" data-provider="features" finished-at="2020-11-12T14:36:55Z" duration-ms="185761" status="PASS">
          <params>
            <param index="0">
              <value>
                <![CDATA[Automation Testing on Vendor Statement Suite App]]>
              </value>
            </param>
          </params>
          <reporter-output>
          </reporter-output>
        </test-method> <!-- feature -->
        <test-method is-config="true" signature="tearDownClass()[pri:0, instance:com.qa.vendorStatement.runner.TestRunner@71b1176b]" started-at="2020-11-12T14:36:55Z" name="tearDownClass" finished-at="2020-11-12T14:36:55Z" duration-ms="14" status="PASS">
          <reporter-output>
          </reporter-output>
        </test-method> <!-- tearDownClass -->
      </class> <!-- com.qa.vendorStatement.runner.TestRunner -->
    </test> <!-- Test -->
  </suite> <!-- Suite -->
</testng-results>
